{
  "stats": {
    "suites": 1,
    "tests": 1,
    "passes": 0,
    "pending": 0,
    "failures": 1,
    "start": "2024-10-10T15:43:34.166Z",
    "end": "2024-10-10T15:43:35.845Z",
    "duration": 1679,
    "testsRegistered": 1,
    "passPercent": 0,
    "pendingPercent": 0,
    "other": 0,
    "hasOther": false,
    "skipped": 0,
    "hasSkipped": false
  },
  "results": [
    {
      "uuid": "4bbb7379-053b-4485-a3b1-69dc8b2ce0b0",
      "title": "",
      "fullFile": "cypress\\e2e\\test_execute.cy.ts",
      "file": "cypress\\e2e\\test_execute.cy.ts",
      "beforeHooks": [],
      "afterHooks": [],
      "tests": [],
      "suites": [
        {
          "uuid": "e179d2a0-2ad3-498e-8f9c-2bec898cbe7a",
          "title": "e2e test for purchase on saucedemo site",
          "fullFile": "",
          "file": "",
          "beforeHooks": [],
          "afterHooks": [],
          "tests": [
            {
              "title": "Add a product to the cart and finalize the purchase",
              "fullTitle": "e2e test for purchase on saucedemo site Add a product to the cart and finalize the purchase",
              "timedOut": null,
              "duration": 1614,
              "state": "failed",
              "speed": null,
              "pass": false,
              "fail": true,
              "pending": false,
              "context": "[\n  {\n    \"title\": \"cypress-mochawesome-reporter-videos-failed\",\n    \"value\": \"cypress\\\\e2e\\\\test_execute.cy.ts\"\n  },\n  {\n    \"title\": \"cypress-mochawesome-reporter-screenshots\",\n    \"value\": [\n      [\n        \"\\\\test_execute.cy.ts\\\\e2e test for purchase on saucedemo site -- Add a product to the cart and finalize the purchase (failed).png\"\n      ]\n    ]\n  }\n]",
              "code": "// login\n// loginpage.enterUsername('standard_user')\nloginpage.enterUsername();\nloginpage.enterPassword();\nloginpage.clickLogin();\nloginpage.validatetitle();\n// add product to cart\nproductpage.clicksaucelabbackpack();\nproductpage.clickaddtocart();\nproductpage.clickgotocart();\n// // click Checkout \ncartpage.clickCheckout();\n// // fill and clcik continue on the checkout page\ncheckoutpage.enterFirstname(\"Julian\");\ncheckoutpage.enterLastname(\"Elisa\");\ncheckoutpage.enterPostalcode(\"93555\");\ncheckoutpage.clickonContinue();\n// //validate the product and click finsh on Checkout Overview page\ncheckoutoverviewPage.clickfinish();\n// //Verify the purchase \nchekcoutcompletePage.validateConfirmation();",
              "err": {
                "message": "CypressError: `cy.type()` can only accept a string or number. You passed in: `undefined`\n\nhttps://on.cypress.io/type",
                "estack": "CypressError: `cy.type()` can only accept a string or number. You passed in: `undefined`\n\nhttps://on.cypress.io/type\n    at Context.type (https://www.saucedemo.com/__cypress/runner/cypress_runner.js:114910:68)\n    at wrapped (https://www.saucedemo.com/__cypress/runner/cypress_runner.js:137994:19)\nFrom Your Spec Code:\n    at Context.eval (webpack://cypresssaucedempproject/./cypress/e2e/pages/loginPage.ts:14:0)",
                "diff": null
              },
              "uuid": "695b1fce-f84b-4588-b70f-8ccc815a734a",
              "parentUUID": "e179d2a0-2ad3-498e-8f9c-2bec898cbe7a",
              "isHook": false,
              "skipped": false
            }
          ],
          "suites": [],
          "passes": [],
          "failures": [
            "695b1fce-f84b-4588-b70f-8ccc815a734a"
          ],
          "pending": [],
          "skipped": [],
          "duration": 1614,
          "root": false,
          "rootEmpty": false,
          "_timeout": 2000
        }
      ],
      "passes": [],
      "failures": [],
      "pending": [],
      "skipped": [],
      "duration": 0,
      "root": true,
      "rootEmpty": true,
      "_timeout": 2000
    }
  ],
  "meta": {
    "mocha": {
      "version": "7.0.1"
    },
    "mochawesome": {
      "options": {
        "quiet": false,
        "reportFilename": "mochawesome",
        "saveHtml": true,
        "saveJson": true,
        "consoleReporter": "spec",
        "useInlineDiffs": false,
        "code": true
      },
      "version": "7.1.3"
    },
    "marge": {
      "options": {
        "reportDir": "cypress/reports",
        "overwrite": true,
        "html": true,
        "json": true,
        "charts": true
      },
      "version": "6.2.0"
    }
  }
}