{
  "stats": {
    "suites": 1,
    "tests": 1,
    "passes": 1,
    "pending": 0,
    "failures": 0,
    "start": "2024-09-07T05:40:41.650Z",
    "end": "2024-09-07T05:41:08.121Z",
    "duration": 26471,
    "testsRegistered": 1,
    "passPercent": 100,
    "pendingPercent": 0,
    "other": 0,
    "hasOther": false,
    "skipped": 0,
    "hasSkipped": false
  },
  "results": [
    {
      "uuid": "fd391794-d976-4f9b-94e0-57b58b6bdd96",
      "title": "",
      "fullFile": "cypress\\e2e\\test_execute.cy.ts",
      "file": "cypress\\e2e\\test_execute.cy.ts",
      "beforeHooks": [],
      "afterHooks": [],
      "tests": [],
      "suites": [
        {
          "uuid": "c5b7d816-000f-49a8-ba10-706d5ad6b75e",
          "title": "e2e test for purchase on saucedemo site",
          "fullFile": "",
          "file": "",
          "beforeHooks": [],
          "afterHooks": [],
          "tests": [
            {
              "title": "Add a product to the cart and finalize the purchase",
              "fullTitle": "e2e test for purchase on saucedemo site Add a product to the cart and finalize the purchase",
              "timedOut": null,
              "duration": 24645,
              "state": "passed",
              "speed": "slow",
              "pass": true,
              "fail": false,
              "pending": false,
              "context": "{\n  \"title\": \"cypress-mochawesome-reporter-videos-passed\",\n  \"value\": \"cypress\\\\e2e\\\\test_execute.cy.ts\"\n}",
              "code": "// login\nloginpage.enterUsername('standard_user');\nloginpage.enterPassword('secret_sauce');\nloginpage.clickLogin();\nloginpage.validatetitle();\n// add product to cart\nproductpage.clicksaucelabbackpack();\nproductpage.clickaddtocart();\nproductpage.clickgotocart();\n// // click Checkout \ncartpage.clickCheckout();\n// // fill and clcik continue on the checkout page\ncheckoutpage.enterFirstname(\"Julian\");\ncheckoutpage.enterLastname(\"Elisa\");\ncheckoutpage.enterPostalcode(\"93555\");\ncheckoutpage.clickonContinue();\n// //validate the product and click finsh on Checkout Overview page\ncheckoutoverviewPage.clickfinish();\n// //Verify the purchase \nchekcoutcompletePage.validateConfirmation();",
              "err": {},
              "uuid": "523bb23b-8354-4e0d-8eac-e791c88efd5b",
              "parentUUID": "c5b7d816-000f-49a8-ba10-706d5ad6b75e",
              "isHook": false,
              "skipped": false
            }
          ],
          "suites": [],
          "passes": [
            "523bb23b-8354-4e0d-8eac-e791c88efd5b"
          ],
          "failures": [],
          "pending": [],
          "skipped": [],
          "duration": 24645,
          "root": false,
          "rootEmpty": false,
          "_timeout": 2000
        }
      ],
      "passes": [],
      "failures": [],
      "pending": [],
      "skipped": [],
      "duration": 0,
      "root": true,
      "rootEmpty": true,
      "_timeout": 2000
    }
  ],
  "meta": {
    "mocha": {
      "version": "7.0.1"
    },
    "mochawesome": {
      "options": {
        "quiet": false,
        "reportFilename": "mochawesome",
        "saveHtml": true,
        "saveJson": true,
        "consoleReporter": "spec",
        "useInlineDiffs": false,
        "code": true
      },
      "version": "7.1.3"
    },
    "marge": {
      "options": {
        "reportDir": "cypress/reports",
        "overwrite": true,
        "html": true,
        "json": true,
        "charts": true
      },
      "version": "6.2.0"
    }
  }
}